 21/11/2019 12:31 /login
eid 21/11/2019 12:50 /login
eid 21/11/2019 12:50 /add
eid 21/11/2019 13:04 /login
eid 21/11/2019 13:04 /login
eid 21/11/2019 13:04 /rss
eid 21/11/2019 13:04 /add
eid 21/11/2019 13:04 /rss
eid 21/11/2019 13:05 /rsa
eid 21/11/2019 13:06 /login
eid 21/11/2019 13:06 /rss
eid 21/11/2019 13:06 /rsa
eid 21/11/2019 13:08 /login
eid 21/11/2019 13:08 /login
eid 21/11/2019 13:08 /rsa
eid 21/11/2019 13:09 /login
eid 21/11/2019 13:09 /rss
eid 21/11/2019 13:09 /add
eid 21/11/2019 13:09 /add
eid 21/11/2019 13:10 /rsa
eid 21/11/2019 13:13 /login
eid 21/11/2019 13:13 /rss
eid 21/11/2019 13:13 /add
eid 21/11/2019 13:14 /add
eid 21/11/2019 13:14 /rss
eid 21/11/2019 13:14 /login
eid 21/11/2019 13:14 /login
eid 21/11/2019 13:15 /rss
eid 21/11/2019 13:15 /add
eid 21/11/2019 13:15 /add
eid 21/11/2019 13:15 /rss
eid 21/11/2019 13:15 /rsa
eid 21/11/2019 13:21 /login
eid 21/11/2019 13:21 /rss
eid 21/11/2019 13:21 /add
eid 21/11/2019 13:22 /add
eid 21/11/2019 13:22 /add
eid 21/11/2019 13:23 /rss
eid 21/11/2019 13:23 /rsa
